\BOOKMARK [0][-]{chapter*.5}{Mission}{}% 1
\BOOKMARK [0][-]{chapter*.6}{Document Preparation and Updates}{}% 2
\BOOKMARK [0][-]{chapter.1}{Overview and concept of operations}{}% 3
\BOOKMARK [1][-]{section.1.1}{Scope}{chapter.1}% 4
\BOOKMARK [1][-]{section.1.2}{Purpose}{chapter.1}% 5
\BOOKMARK [2][-]{subsection.1.2.1}{Major System Component \0431}{section.1.2}% 6
\BOOKMARK [2][-]{subsection.1.2.2}{Major System Component \0432}{section.1.2}% 7
\BOOKMARK [2][-]{subsection.1.2.3}{Major System Component \0433}{section.1.2}% 8
\BOOKMARK [1][-]{section.1.3}{Systems Goals}{chapter.1}% 9
\BOOKMARK [1][-]{section.1.4}{System Overview and Diagram}{chapter.1}% 10
\BOOKMARK [1][-]{section.1.5}{Technologies Overview}{chapter.1}% 11
\BOOKMARK [0][-]{chapter.2}{Project Overview}{}% 12
\BOOKMARK [1][-]{section.2.1}{Team Members and Roles}{chapter.2}% 13
\BOOKMARK [1][-]{section.2.2}{Project Management Approach}{chapter.2}% 14
\BOOKMARK [1][-]{section.2.3}{Phase Overview}{chapter.2}% 15
\BOOKMARK [1][-]{section.2.4}{Terminology and Acronyms}{chapter.2}% 16
\BOOKMARK [0][-]{chapter.3}{User Stories, Backlog and Requirements}{}% 17
\BOOKMARK [1][-]{section.3.1}{Overview}{chapter.3}% 18
\BOOKMARK [2][-]{subsection.3.1.1}{Scope}{section.3.1}% 19
\BOOKMARK [2][-]{subsection.3.1.2}{Purpose of the System}{section.3.1}% 20
\BOOKMARK [1][-]{section.3.2}{ Stakeholder Information}{chapter.3}% 21
\BOOKMARK [2][-]{subsection.3.2.1}{Customer or End User \(Product Owner\)}{section.3.2}% 22
\BOOKMARK [2][-]{subsection.3.2.2}{Management or Instructor \(Scrum Master\)}{section.3.2}% 23
\BOOKMARK [2][-]{subsection.3.2.3}{Investors}{section.3.2}% 24
\BOOKMARK [2][-]{subsection.3.2.4}{Developers \205Testers}{section.3.2}% 25
\BOOKMARK [1][-]{section.3.3}{Business Need}{chapter.3}% 26
\BOOKMARK [1][-]{section.3.4}{Requirements and Design Constraints}{chapter.3}% 27
\BOOKMARK [2][-]{subsection.3.4.1}{Development Environment Requirements}{section.3.4}% 28
\BOOKMARK [2][-]{subsection.3.4.2}{Project Management Methodology}{section.3.4}% 29
\BOOKMARK [1][-]{section.3.5}{User Stories}{chapter.3}% 30
\BOOKMARK [2][-]{subsection.3.5.1}{User Story \0431}{section.3.5}% 31
\BOOKMARK [2][-]{subsection.3.5.2}{User Story \0432}{section.3.5}% 32
\BOOKMARK [2][-]{subsection.3.5.3}{User Story \0433}{section.3.5}% 33
\BOOKMARK [2][-]{subsection.3.5.4}{User Story \0434}{section.3.5}% 34
\BOOKMARK [0][-]{chapter.4}{Design and Implementation}{}% 35
\BOOKMARK [1][-]{section.4.1}{Locate and Compile .cpp File}{chapter.4}% 36
\BOOKMARK [2][-]{subsection.4.1.1}{Technologies Used}{section.4.1}% 37
\BOOKMARK [2][-]{subsection.4.1.2}{Data Flow Diagram}{section.4.1}% 38
\BOOKMARK [2][-]{subsection.4.1.3}{Design Details}{section.4.1}% 39
\BOOKMARK [1][-]{section.4.2}{Locate the Test Cases }{chapter.4}% 40
\BOOKMARK [2][-]{subsection.4.2.1}{Technologies Used}{section.4.2}% 41
\BOOKMARK [2][-]{subsection.4.2.2}{Component Overview}{section.4.2}% 42
\BOOKMARK [2][-]{subsection.4.2.3}{Data Flow Diagram}{section.4.2}% 43
\BOOKMARK [2][-]{subsection.4.2.4}{Design Details}{section.4.2}% 44
\BOOKMARK [1][-]{section.4.3}{Running a Test Case }{chapter.4}% 45
\BOOKMARK [2][-]{subsection.4.3.1}{Technologies Used}{section.4.3}% 46
\BOOKMARK [2][-]{subsection.4.3.2}{Component Overview}{section.4.3}% 47
\BOOKMARK [2][-]{subsection.4.3.3}{Data Flow Diagram}{section.4.3}% 48
\BOOKMARK [2][-]{subsection.4.3.4}{Design Details}{section.4.3}% 49
\BOOKMARK [1][-]{section.4.4}{Logging the Results}{chapter.4}% 50
\BOOKMARK [2][-]{subsection.4.4.1}{Technologies Used}{section.4.4}% 51
\BOOKMARK [2][-]{subsection.4.4.2}{Component Overview}{section.4.4}% 52
\BOOKMARK [2][-]{subsection.4.4.3}{Data Flow Diagram}{section.4.4}% 53
\BOOKMARK [2][-]{subsection.4.4.4}{Design Details}{section.4.4}% 54
\BOOKMARK [0][-]{chapter.5}{System and Unit Testing}{}% 55
\BOOKMARK [1][-]{section.5.1}{Overview}{chapter.5}% 56
\BOOKMARK [1][-]{section.5.2}{Dependencies}{chapter.5}% 57
\BOOKMARK [1][-]{section.5.3}{Test Setup and Execution}{chapter.5}% 58
\BOOKMARK [0][-]{chapter.6}{Development Environment}{}% 59
\BOOKMARK [1][-]{section.6.1}{Development IDE and Tools}{chapter.6}% 60
\BOOKMARK [1][-]{section.6.2}{Source Control}{chapter.6}% 61
\BOOKMARK [1][-]{section.6.3}{Dependencies}{chapter.6}% 62
\BOOKMARK [1][-]{section.6.4}{Build Environment}{chapter.6}% 63
\BOOKMARK [0][-]{chapter.7}{Release \205 Setup \205 Deployment}{}% 64
\BOOKMARK [1][-]{section.7.1}{Deployment Information and Dependencies}{chapter.7}% 65
\BOOKMARK [1][-]{section.7.2}{Setup Information}{chapter.7}% 66
\BOOKMARK [1][-]{section.7.3}{System Versioning Information}{chapter.7}% 67
\BOOKMARK [0][-]{chapter.8}{User Documentation}{}% 68
\BOOKMARK [1][-]{section.8.1}{User Guide}{chapter.8}% 69
\BOOKMARK [1][-]{section.8.2}{Installation Guide}{chapter.8}% 70
\BOOKMARK [1][-]{section.8.3}{Programmer Manual}{chapter.8}% 71
\BOOKMARK [0][-]{chapter.9}{Class Index}{}% 72
\BOOKMARK [1][-]{section.9.1}{Class List}{chapter.9}% 73
\BOOKMARK [0][-]{chapter.10}{Class Documentation}{}% 74
\BOOKMARK [1][-]{section.10.1}{Poly Class Reference}{chapter.10}% 75
\BOOKMARK [2][-]{subsection.10.1.1}{Constructor \046 Destructor Documentation}{section.10.1}% 76
\BOOKMARK [2][-]{subsection.10.1.2}{Member Function Documentation}{section.10.1}% 77
\BOOKMARK [0][-]{chapter*.7}{Acknowledgement}{}% 78
\BOOKMARK [0][-]{chapter*.8}{Supporting Materials}{}% 79
\BOOKMARK [0][-]{chapter*.9}{Sprint Reports}{}% 80
\BOOKMARK [1][-]{section.10.1}{Sprint Report \0431}{chapter*.9}% 81
\BOOKMARK [1][-]{section.10.2}{Sprint Report \0432}{chapter*.9}% 82
\BOOKMARK [1][-]{section.10.3}{Sprint Report \0433}{chapter*.9}% 83
\BOOKMARK [0][-]{chapter*.10}{Industrial Experience}{}% 84
\BOOKMARK [1][-]{section.10.4}{Resumes}{chapter*.10}% 85
\BOOKMARK [1][-]{section.10.5}{Industrial Experience Reports}{chapter*.10}% 86
\BOOKMARK [2][-]{subsection.10.5.1}{Name1}{section.10.5}% 87
\BOOKMARK [2][-]{subsection.10.5.2}{Name2}{section.10.5}% 88
\BOOKMARK [2][-]{subsection.10.5.3}{Name3}{section.10.5}% 89
\BOOKMARK [0][-]{chapter*.11}{Appendix}{}% 90
\BOOKMARK [1][-]{section.10.1}{Introduction}{chapter*.11}% 91
\BOOKMARK [1][-]{section.10.2}{Ordinary Text}{chapter*.11}% 92
\BOOKMARK [1][-]{section.10.3}{Displayed Text}{chapter*.11}% 93
\BOOKMARK [1][-]{section.10.4}{Build process}{chapter*.11}% 94
